This is pdfTeX, Version 3.14159265-2.6-1.40.21 (TeX Live 2020) (preloaded format=pdflatex 2021.1.30)  1 FEB 2021 11:28
entering extended mode
 restricted \write18 enabled.
 %&-line parsing enabled.
**arxiv.sty
(./arxiv.sty
LaTeX2e <2020-10-01> patch level 4
L3 programming layer <2021-01-09> xparse <2020-03-03>

! LaTeX Error: \usepackage before \documentclass.

See the LaTeX manual or LaTeX Companion for explanation.
Type  H <return>  for immediate help.
 ...                                              
                                                  
l.10 \usepackage[verbose=true,letterpaper]{
                                           geometry}
\usepackage may only appear in the document preamble, i.e.,
between \documentclass and \begin{document}.


! LaTeX Error: \usepackage before \documentclass.

See the LaTeX manual or LaTeX Companion for explanation.
Type  H <return>  for immediate help.
 ...                                              
                                                  
l.27 \usepackage{
                 fancyhdr}
\usepackage may only appear in the document preamble, i.e.,
between \documentclass and \begin{document}.

! Undefined control sequence.
l.28 \fancyhf
             {}
The control sequence at the end of the top line
of your error message was never \def'ed. If you have
misspelled it (e.g., `\hobx'), type `I' and the correct
spelling (e.g., `I\hbox'). Otherwise just continue,
and I'll forget about whatever was undefined.

! Undefined control sequence.
<argument> \undefinedpagestyle 
                               
l.29 \pagestyle{fancy}
                      
The control sequence at the end of the top line
of your error message was never \def'ed. If you have
misspelled it (e.g., `\hobx'), type `I' and the correct
spelling (e.g., `I\hbox'). Otherwise just continue,
and I'll forget about whatever was undefined.


! LaTeX Error: Command \headrulewidth undefined.

See the LaTeX manual or LaTeX Companion for explanation.
Type  H <return>  for immediate help.
 ...                                              
                                                  
l.30 \renewcommand{\headrulewidth}
                                  {0pt}
Try typing  <return>  to proceed.
If that doesn't work, type  X <return>  to quit.

! Undefined control sequence.
l.31 \fancyheadoffset
                     {0pt}
The control sequence at the end of the top line
of your error message was never \def'ed. If you have
misspelled it (e.g., `\hobx'), type `I' and the correct
spelling (e.g., `I\hbox'). Otherwise just continue,
and I'll forget about whatever was undefined.


! LaTeX Error: Missing \begin{document}.

See the LaTeX manual or LaTeX Companion for explanation.
Type  H <return>  for immediate help.
 ...                                              
                                                  
l.31 \fancyheadoffset{0
                       pt}
You're in trouble here.  Try typing  <return>  to proceed.
If that doesn't work, type  X <return>  to quit.

Missing character: There is no 0 in font nullfont!
Missing character: There is no p in font nullfont!
Missing character: There is no t in font nullfont!
! Undefined control sequence.
l.32 \rhead
           {\scshape Continuous Space Coevolution - Week \& Bradburd - \today}
The control sequence at the end of the top line
of your error message was never \def'ed. If you have
misspelled it (e.g., `\hobx'), type `I' and the correct
spelling (e.g., `I\hbox'). Otherwise just continue,
and I'll forget about whatever was undefined.

! Undefined control sequence.
l.32 ...ce Coevolution - Week \& Bradburd - \today
                                                  }
The control sequence at the end of the top line
of your error message was never \def'ed. If you have
misspelled it (e.g., `\hobx'), type `I' and the correct
spelling (e.g., `I\hbox'). Otherwise just continue,
and I'll forget about whatever was undefined.

! Undefined control sequence.
l.33 \cfoot
           {\thepage}
The control sequence at the end of the top line
of your error message was never \def'ed. If you have
misspelled it (e.g., `\hobx'), type `I' and the correct
spelling (e.g., `I\hbox'). Otherwise just continue,
and I'll forget about whatever was undefined.

! Undefined control sequence.
l.33 \cfoot{\thepage
                    }
The control sequence at the end of the top line
of your error message was never \def'ed. If you have
misspelled it (e.g., `\hobx'), type `I' and the correct
spelling (e.g., `I\hbox'). Otherwise just continue,
and I'll forget about whatever was undefined.


Overfull \hbox (20.0pt too wide) in paragraph at lines 31--34
[]
 []


Overfull \hbox (24.12762pt too wide) in paragraph at lines 31--34
\OT1/cmr/m/sc/10 Con-
 []


Overfull \hbox (18.84433pt too wide) in paragraph at lines 31--34
\OT1/cmr/m/sc/10 tin-
 []


Overfull \hbox (9.91106pt too wide) in paragraph at lines 31--34
\OT1/cmr/m/sc/10 u-
 []


Overfull \hbox (17.0666pt too wide) in paragraph at lines 31--34
\OT1/cmr/m/sc/10 ous
 []


Overfull \hbox (28.422pt too wide) in paragraph at lines 31--34
\OT1/cmr/m/sc/10 Space
 []


Overfull \hbox (17.99431pt too wide) in paragraph at lines 31--34
\OT1/cmr/m/sc/10 Co-
 []


Overfull \hbox (21.6221pt too wide) in paragraph at lines 31--34
\OT1/cmr/m/sc/10 evo-
 []


Overfull \hbox (15.04436pt too wide) in paragraph at lines 31--34
\OT1/cmr/m/sc/10 lu-
 []


Overfull \hbox (21.42212pt too wide) in paragraph at lines 31--34
\OT1/cmr/m/sc/10 tion
 []


Overfull \hbox (3.77774pt too wide) in paragraph at lines 31--34
\OT1/cmr/m/sc/10 -
 []


Overfull \hbox (28.56647pt too wide) in paragraph at lines 31--34
\OT1/cmr/m/sc/10 Week
 []


Overfull \hbox (8.44437pt too wide) in paragraph at lines 31--34
\OT1/cmr/m/sc/10 &
 []


Overfull \hbox (29.88594pt too wide) in paragraph at lines 31--34
\OT1/cmr/m/sc/10 Brad-
 []


Overfull \hbox (24.19994pt too wide) in paragraph at lines 31--34
\OT1/cmr/m/sc/10 burd
 []


Overfull \hbox (3.77774pt too wide) in paragraph at lines 31--34
\OT1/cmr/m/sc/10 -
 []

! You can't use `\spacefactor' in vertical mode.
\@->\spacefactor 
                 \@m {}
l.50 \normalsize
                
Sorry, but I'm not programmed to handle this case;
I'll just pretend that you didn't ask for it.
If you're in the wrong mode, you might be able to
return to the right one by typing `I}' or `I$' or `I\par'.

! Missing $ inserted.
<inserted text> 
                $
l.50 \normalsize
                
I've inserted a begin-math/end-math symbol since I think
you left one out. Proceed, with fingers crossed.


! LaTeX Error: Missing \begin{document}.

See the LaTeX manual or LaTeX Companion for explanation.
Type  H <return>  for immediate help.
 ...                                              
                                                  
l.50 \normalsize
                
You're in trouble here.  Try typing  <return>  to proceed.
If that doesn't work, type  X <return>  to quit.

LaTeX Font Info:    External font `cmex10' loaded for size
(Font)              <7> on input line 50.
LaTeX Font Info:    External font `cmex10' loaded for size
(Font)              <5> on input line 50.
! You can't use `\spacefactor' in math mode.
\@->\spacefactor 
                 \@m {}
l.50 \normalsize
                
Sorry, but I'm not programmed to handle this case;
I'll just pretend that you didn't ask for it.
If you're in the wrong mode, you might be able to
return to the right one by typing `I}' or `I$' or `I\par'.

! You can't use `\spacefactor' in math mode.
\@->\spacefactor 
                 \@m {}
l.50 \normalsize
                
Sorry, but I'm not programmed to handle this case;
I'll just pretend that you didn't ask for it.
If you're in the wrong mode, you might be able to
return to the right one by typing `I}' or `I$' or `I\par'.

! You can't use `\spacefactor' in math mode.
\@->\spacefactor 
                 \@m {}
l.50 \normalsize
                
Sorry, but I'm not programmed to handle this case;
I'll just pretend that you didn't ask for it.
If you're in the wrong mode, you might be able to
return to the right one by typing `I}' or `I$' or `I\par'.

! You can't use `\spacefactor' in math mode.
\@->\spacefactor 
                 \@m {}
l.50 \normalsize
                
Sorry, but I'm not programmed to handle this case;
I'll just pretend that you didn't ask for it.
If you're in the wrong mode, you might be able to
return to the right one by typing `I}' or `I$' or `I\par'.

! You can't use `\spacefactor' in math mode.
\@->\spacefactor 
                 \@m {}
l.50 \normalsize
                
Sorry, but I'm not programmed to handle this case;
I'll just pretend that you didn't ask for it.
If you're in the wrong mode, you might be able to
return to the right one by typing `I}' or `I$' or `I\par'.

! You can't use `\spacefactor' in math mode.
\@->\spacefactor 
                 \@m {}
l.50 \normalsize
                
Sorry, but I'm not programmed to handle this case;
I'll just pretend that you didn't ask for it.
If you're in the wrong mode, you might be able to
return to the right one by typing `I}' or `I$' or `I\par'.

! You can't use `\spacefactor' in math mode.
\@->\spacefactor 
                 \@m {}
l.50 \normalsize
                
Sorry, but I'm not programmed to handle this case;
I'll just pretend that you didn't ask for it.
If you're in the wrong mode, you might be able to
return to the right one by typing `I}' or `I$' or `I\par'.

! You can't use `\spacefactor' in math mode.
\@->\spacefactor 
                 \@m {}
l.50 \normalsize
                
Sorry, but I'm not programmed to handle this case;
I'll just pretend that you didn't ask for it.
If you're in the wrong mode, you might be able to
return to the right one by typing `I}' or `I$' or `I\par'.

! You can't use `\spacefactor' in math mode.
\@->\spacefactor 
                 \@m {}
l.50 \normalsize
                
Sorry, but I'm not programmed to handle this case;
I'll just pretend that you didn't ask for it.
If you're in the wrong mode, you might be able to
return to the right one by typing `I}' or `I$' or `I\par'.

! You can't use `\spacefactor' in math mode.
\@->\spacefactor 
                 \@m {}
l.50 \normalsize
                
Sorry, but I'm not programmed to handle this case;
I'll just pretend that you didn't ask for it.
If you're in the wrong mode, you might be able to
return to the right one by typing `I}' or `I$' or `I\par'.

! You can't use `\spacefactor' in math mode.
\@->\spacefactor 
                 \@m {}
l.50 \normalsize
                
Sorry, but I'm not programmed to handle this case;
I'll just pretend that you didn't ask for it.
If you're in the wrong mode, you might be able to
return to the right one by typing `I}' or `I$' or `I\par'.

! You can't use `\spacefactor' in math mode.
\@->\spacefactor 
                 \@m {}
l.50 \normalsize
                
Sorry, but I'm not programmed to handle this case;
I'll just pretend that you didn't ask for it.
If you're in the wrong mode, you might be able to
return to the right one by typing `I}' or `I$' or `I\par'.

! You can't use `\spacefactor' in math mode.
\@->\spacefactor 
                 \@m {}
l.50 \normalsize
                
Sorry, but I'm not programmed to handle this case;
I'll just pretend that you didn't ask for it.
If you're in the wrong mode, you might be able to
return to the right one by typing `I}' or `I$' or `I\par'.

! You can't use `\spacefactor' in math mode.
\@->\spacefactor 
                 \@m {}
l.50 \normalsize
                
Sorry, but I'm not programmed to handle this case;
I'll just pretend that you didn't ask for it.
If you're in the wrong mode, you might be able to
return to the right one by typing `I}' or `I$' or `I\par'.

! You can't use `\spacefactor' in math mode.
\@->\spacefactor 
                 \@m {}
l.50 \normalsize
                
Sorry, but I'm not programmed to handle this case;
I'll just pretend that you didn't ask for it.
If you're in the wrong mode, you might be able to
return to the right one by typing `I}' or `I$' or `I\par'.

! You can't use `\spacefactor' in math mode.
\@->\spacefactor 
                 \@m {}
l.50 \normalsize
                
Sorry, but I'm not programmed to handle this case;
I'll just pretend that you didn't ask for it.
If you're in the wrong mode, you might be able to
return to the right one by typing `I}' or `I$' or `I\par'.

! You can't use `\spacefactor' in math mode.
\@->\spacefactor 
                 \@m {}
l.50 \normalsize
                
Sorry, but I'm not programmed to handle this case;
I'll just pretend that you didn't ask for it.
If you're in the wrong mode, you might be able to
return to the right one by typing `I}' or `I$' or `I\par'.

! You can't use `\spacefactor' in math mode.
\@->\spacefactor 
                 \@m {}
l.50 \normalsize
                
Sorry, but I'm not programmed to handle this case;
I'll just pretend that you didn't ask for it.
If you're in the wrong mode, you might be able to
return to the right one by typing `I}' or `I$' or `I\par'.

! You can't use `\spacefactor' in math mode.
\@->\spacefactor 
                 \@m {}
l.50 \normalsize
                
Sorry, but I'm not programmed to handle this case;
I'll just pretend that you didn't ask for it.
If you're in the wrong mode, you might be able to
return to the right one by typing `I}' or `I$' or `I\par'.

! You can't use `\spacefactor' in math mode.
\@->\spacefactor 
                 \@m {}
l.50 \normalsize
                
Sorry, but I'm not programmed to handle this case;
I'll just pretend that you didn't ask for it.
If you're in the wrong mode, you might be able to
return to the right one by typing `I}' or `I$' or `I\par'.

! You can't use `\spacefactor' in math mode.
\@->\spacefactor 
                 \@m {}
l.50 \normalsize
                
Sorry, but I'm not programmed to handle this case;
I'll just pretend that you didn't ask for it.
If you're in the wrong mode, you might be able to
return to the right one by typing `I}' or `I$' or `I\par'.

! You can't use `\spacefactor' in math mode.
\@->\spacefactor 
                 \@m {}
l.50 \normalsize
                
Sorry, but I'm not programmed to handle this case;
I'll just pretend that you didn't ask for it.
If you're in the wrong mode, you might be able to
return to the right one by typing `I}' or `I$' or `I\par'.

! You can't use `\spacefactor' in math mode.
\@->\spacefactor 
                 \@m {}
l.50 \normalsize
                
Sorry, but I'm not programmed to handle this case;
I'll just pretend that you didn't ask for it.
If you're in the wrong mode, you might be able to
return to the right one by typing `I}' or `I$' or `I\par'.

! You can't use `\spacefactor' in math mode.
\@->\spacefactor 
                 \@m {}
l.50 \normalsize
                
Sorry, but I'm not programmed to handle this case;
I'll just pretend that you didn't ask for it.
If you're in the wrong mode, you might be able to
return to the right one by typing `I}' or `I$' or `I\par'.

! You can't use `\spacefactor' in math mode.
\@->\spacefactor 
                 \@m {}
l.50 \normalsize
                
Sorry, but I'm not programmed to handle this case;
I'll just pretend that you didn't ask for it.
If you're in the wrong mode, you might be able to
return to the right one by typing `I}' or `I$' or `I\par'.

! You can't use `\spacefactor' in math mode.
\@->\spacefactor 
                 \@m {}
l.50 \normalsize
                
Sorry, but I'm not programmed to handle this case;
I'll just pretend that you didn't ask for it.
If you're in the wrong mode, you might be able to
return to the right one by typing `I}' or `I$' or `I\par'.

! You can't use `\spacefactor' in math mode.
\@->\spacefactor 
                 \@m {}
l.50 \normalsize
                
Sorry, but I'm not programmed to handle this case;
I'll just pretend that you didn't ask for it.
If you're in the wrong mode, you might be able to
return to the right one by typing `I}' or `I$' or `I\par'.

! You can't use `\spacefactor' in math mode.
\@->\spacefactor 
                 \@m {}
l.50 \normalsize
                
Sorry, but I'm not programmed to handle this case;
I'll just pretend that you didn't ask for it.
If you're in the wrong mode, you might be able to
return to the right one by typing `I}' or `I$' or `I\par'.

! You can't use `\spacefactor' in math mode.
\@->\spacefactor 
                 \@m {}
l.50 \normalsize
                
Sorry, but I'm not programmed to handle this case;
I'll just pretend that you didn't ask for it.
If you're in the wrong mode, you might be able to
return to the right one by typing `I}' or `I$' or `I\par'.

! You can't use `\spacefactor' in math mode.
\@->\spacefactor 
                 \@m {}
l.50 \normalsize
                
Sorry, but I'm not programmed to handle this case;
I'll just pretend that you didn't ask for it.
If you're in the wrong mode, you might be able to
return to the right one by typing `I}' or `I$' or `I\par'.

! You can't use `\spacefactor' in math mode.
\@->\spacefactor 
                 \@m {}
l.50 \normalsize
                
Sorry, but I'm not programmed to handle this case;
I'll just pretend that you didn't ask for it.
If you're in the wrong mode, you might be able to
return to the right one by typing `I}' or `I$' or `I\par'.

! You can't use `\spacefactor' in math mode.
\@->\spacefactor 
                 \@m {}
l.50 \normalsize
                
Sorry, but I'm not programmed to handle this case;
I'll just pretend that you didn't ask for it.
If you're in the wrong mode, you might be able to
return to the right one by typing `I}' or `I$' or `I\par'.

! You can't use `\spacefactor' in math mode.
\@->\spacefactor 
                 \@m {}
l.50 \normalsize
                
Sorry, but I'm not programmed to handle this case;
I'll just pretend that you didn't ask for it.
If you're in the wrong mode, you might be able to
return to the right one by typing `I}' or `I$' or `I\par'.

! You can't use `\spacefactor' in math mode.
\@->\spacefactor 
                 \@m {}
l.50 \normalsize
                
Sorry, but I'm not programmed to handle this case;
I'll just pretend that you didn't ask for it.
If you're in the wrong mode, you might be able to
return to the right one by typing `I}' or `I$' or `I\par'.

! You can't use `\spacefactor' in math mode.
\@->\spacefactor 
                 \@m {}
l.50 \normalsize
                
Sorry, but I'm not programmed to handle this case;
I'll just pretend that you didn't ask for it.
If you're in the wrong mode, you might be able to
return to the right one by typing `I}' or `I$' or `I\par'.

! You can't use `\spacefactor' in math mode.
\@->\spacefactor 
                 \@m {}
l.50 \normalsize
                
Sorry, but I'm not programmed to handle this case;
I'll just pretend that you didn't ask for it.
If you're in the wrong mode, you might be able to
return to the right one by typing `I}' or `I$' or `I\par'.

! You can't use `\spacefactor' in math mode.
\@->\spacefactor 
                 \@m {}
l.50 \normalsize
                
Sorry, but I'm not programmed to handle this case;
I'll just pretend that you didn't ask for it.
If you're in the wrong mode, you might be able to
return to the right one by typing `I}' or `I$' or `I\par'.

! You can't use `\spacefactor' in math mode.
\@->\spacefactor 
                 \@m {}
l.50 \normalsize
                
Sorry, but I'm not programmed to handle this case;
I'll just pretend that you didn't ask for it.
If you're in the wrong mode, you might be able to
return to the right one by typing `I}' or `I$' or `I\par'.

! You can't use `\spacefactor' in math mode.
\@->\spacefactor 
                 \@m {}
l.50 \normalsize
                
Sorry, but I'm not programmed to handle this case;
I'll just pretend that you didn't ask for it.
If you're in the wrong mode, you might be able to
return to the right one by typing `I}' or `I$' or `I\par'.

! You can't use `\spacefactor' in math mode.
\@->\spacefactor 
                 \@m {}
l.50 \normalsize
                
Sorry, but I'm not programmed to handle this case;
I'll just pretend that you didn't ask for it.
If you're in the wrong mode, you might be able to
return to the right one by typing `I}' or `I$' or `I\par'.

! You can't use `\spacefactor' in math mode.
\@->\spacefactor 
                 \@m {}
l.50 \normalsize
                
Sorry, but I'm not programmed to handle this case;
I'll just pretend that you didn't ask for it.
If you're in the wrong mode, you might be able to
return to the right one by typing `I}' or `I$' or `I\par'.

! You can't use `\spacefactor' in math mode.
\@->\spacefactor 
                 \@m {}
l.50 \normalsize
                
Sorry, but I'm not programmed to handle this case;
I'll just pretend that you didn't ask for it.
If you're in the wrong mode, you might be able to
return to the right one by typing `I}' or `I$' or `I\par'.

! You can't use `\spacefactor' in math mode.
\@->\spacefactor 
                 \@m {}
l.50 \normalsize
                
Sorry, but I'm not programmed to handle this case;
I'll just pretend that you didn't ask for it.
If you're in the wrong mode, you might be able to
return to the right one by typing `I}' or `I$' or `I\par'.

! You can't use `\spacefactor' in math mode.
\@->\spacefactor 
                 \@m {}
l.50 \normalsize
                
Sorry, but I'm not programmed to handle this case;
I'll just pretend that you didn't ask for it.
If you're in the wrong mode, you might be able to
return to the right one by typing `I}' or `I$' or `I\par'.

! You can't use `\spacefactor' in math mode.
\@->\spacefactor 
                 \@m {}
l.50 \normalsize
                
Sorry, but I'm not programmed to handle this case;
I'll just pretend that you didn't ask for it.
If you're in the wrong mode, you might be able to
return to the right one by typing `I}' or `I$' or `I\par'.

! You can't use `\spacefactor' in math mode.
\@->\spacefactor 
                 \@m {}
l.50 \normalsize
                
Sorry, but I'm not programmed to handle this case;
I'll just pretend that you didn't ask for it.
If you're in the wrong mode, you might be able to
return to the right one by typing `I}' or `I$' or `I\par'.

! You can't use `\spacefactor' in math mode.
\@->\spacefactor 
                 \@m {}
l.50 \normalsize
                
Sorry, but I'm not programmed to handle this case;
I'll just pretend that you didn't ask for it.
If you're in the wrong mode, you might be able to
return to the right one by typing `I}' or `I$' or `I\par'.

! You can't use `\spacefactor' in math mode.
\@->\spacefactor 
                 \@m {}
l.50 \normalsize
                
Sorry, but I'm not programmed to handle this case;
I'll just pretend that you didn't ask for it.
If you're in the wrong mode, you might be able to
return to the right one by typing `I}' or `I$' or `I\par'.

! You can't use `\spacefactor' in math mode.
\@->\spacefactor 
                 \@m {}
l.50 \normalsize
                
Sorry, but I'm not programmed to handle this case;
I'll just pretend that you didn't ask for it.
If you're in the wrong mode, you might be able to
return to the right one by typing `I}' or `I$' or `I\par'.

! You can't use `\spacefactor' in math mode.
\@->\spacefactor 
                 \@m {}
l.50 \normalsize
                
Sorry, but I'm not programmed to handle this case;
I'll just pretend that you didn't ask for it.
If you're in the wrong mode, you might be able to
return to the right one by typing `I}' or `I$' or `I\par'.

! You can't use `\spacefactor' in math mode.
\@->\spacefactor 
                 \@m {}
l.50 \normalsize
                
Sorry, but I'm not programmed to handle this case;
I'll just pretend that you didn't ask for it.
If you're in the wrong mode, you might be able to
return to the right one by typing `I}' or `I$' or `I\par'.

! You can't use `\spacefactor' in math mode.
\@->\spacefactor 
                 \@m {}
l.50 \normalsize
                
Sorry, but I'm not programmed to handle this case;
I'll just pretend that you didn't ask for it.
If you're in the wrong mode, you might be able to
return to the right one by typing `I}' or `I$' or `I\par'.

! You can't use `\spacefactor' in math mode.
\@->\spacefactor 
                 \@m {}
l.50 \normalsize
                
Sorry, but I'm not programmed to handle this case;
I'll just pretend that you didn't ask for it.
If you're in the wrong mode, you might be able to
return to the right one by typing `I}' or `I$' or `I\par'.

! You can't use `\spacefactor' in math mode.
\@->\spacefactor 
                 \@m {}
l.50 \normalsize
                
Sorry, but I'm not programmed to handle this case;
I'll just pretend that you didn't ask for it.
If you're in the wrong mode, you might be able to
return to the right one by typing `I}' or `I$' or `I\par'.

! You can't use `\spacefactor' in math mode.
\@->\spacefactor 
                 \@m {}
l.50 \normalsize
                
Sorry, but I'm not programmed to handle this case;
I'll just pretend that you didn't ask for it.
If you're in the wrong mode, you might be able to
return to the right one by typing `I}' or `I$' or `I\par'.

! You can't use `\spacefactor' in math mode.
\@->\spacefactor 
                 \@m {}
l.50 \normalsize
                
Sorry, but I'm not programmed to handle this case;
I'll just pretend that you didn't ask for it.
If you're in the wrong mode, you might be able to
return to the right one by typing `I}' or `I$' or `I\par'.

! You can't use `\spacefactor' in math mode.
\@->\spacefactor 
                 \@m {}
l.50 \normalsize
                
Sorry, but I'm not programmed to handle this case;
I'll just pretend that you didn't ask for it.
If you're in the wrong mode, you might be able to
return to the right one by typing `I}' or `I$' or `I\par'.

! You can't use `\spacefactor' in math mode.
\@->\spacefactor 
                 \@m {}
l.50 \normalsize
                
Sorry, but I'm not programmed to handle this case;
I'll just pretend that you didn't ask for it.
If you're in the wrong mode, you might be able to
return to the right one by typing `I}' or `I$' or `I\par'.

! You can't use `\spacefactor' in math mode.
\@->\spacefactor 
                 \@m {}
l.50 \normalsize
                
Sorry, but I'm not programmed to handle this case;
I'll just pretend that you didn't ask for it.
If you're in the wrong mode, you might be able to
return to the right one by typing `I}' or `I$' or `I\par'.

! You can't use `\spacefactor' in math mode.
\@->\spacefactor 
                 \@m {}
l.50 \normalsize
                
Sorry, but I'm not programmed to handle this case;
I'll just pretend that you didn't ask for it.
If you're in the wrong mode, you might be able to
return to the right one by typing `I}' or `I$' or `I\par'.

! You can't use `\spacefactor' in math mode.
\@->\spacefactor 
                 \@m {}
l.50 \normalsize
                
Sorry, but I'm not programmed to handle this case;
I'll just pretend that you didn't ask for it.
If you're in the wrong mode, you might be able to
return to the right one by typing `I}' or `I$' or `I\par'.

! You can't use `\spacefactor' in math mode.
\@->\spacefactor 
                 \@m {}
l.50 \normalsize
                
Sorry, but I'm not programmed to handle this case;
I'll just pretend that you didn't ask for it.
If you're in the wrong mode, you might be able to
return to the right one by typing `I}' or `I$' or `I\par'.

! You can't use `\spacefactor' in math mode.
\@->\spacefactor 
                 \@m {}
l.50 \normalsize
                
Sorry, but I'm not programmed to handle this case;
I'll just pretend that you didn't ask for it.
If you're in the wrong mode, you might be able to
return to the right one by typing `I}' or `I$' or `I\par'.

! You can't use `\spacefactor' in math mode.
\@->\spacefactor 
                 \@m {}
l.50 \normalsize
                
Sorry, but I'm not programmed to handle this case;
I'll just pretend that you didn't ask for it.
If you're in the wrong mode, you might be able to
return to the right one by typing `I}' or `I$' or `I\par'.

! You can't use `\spacefactor' in math mode.
\@->\spacefactor 
                 \@m {}
l.50 \normalsize
                
Sorry, but I'm not programmed to handle this case;
I'll just pretend that you didn't ask for it.
If you're in the wrong mode, you might be able to
return to the right one by typing `I}' or `I$' or `I\par'.

! You can't use `\spacefactor' in math mode.
\@->\spacefactor 
                 \@m {}
l.50 \normalsize
                
Sorry, but I'm not programmed to handle this case;
I'll just pretend that you didn't ask for it.
If you're in the wrong mode, you might be able to
return to the right one by typing `I}' or `I$' or `I\par'.

! You can't use `\spacefactor' in math mode.
\@->\spacefactor 
                 \@m {}
l.50 \normalsize
                
Sorry, but I'm not programmed to handle this case;
I'll just pretend that you didn't ask for it.
If you're in the wrong mode, you might be able to
return to the right one by typing `I}' or `I$' or `I\par'.

! You can't use `\spacefactor' in math mode.
\@->\spacefactor 
                 \@m {}
l.50 \normalsize
                
Sorry, but I'm not programmed to handle this case;
I'll just pretend that you didn't ask for it.
If you're in the wrong mode, you might be able to
return to the right one by typing `I}' or `I$' or `I\par'.

! You can't use `\spacefactor' in math mode.
\@->\spacefactor 
                 \@m {}
l.50 \normalsize
                
Sorry, but I'm not programmed to handle this case;
I'll just pretend that you didn't ask for it.
If you're in the wrong mode, you might be able to
return to the right one by typing `I}' or `I$' or `I\par'.

! You can't use `\spacefactor' in math mode.
\@->\spacefactor 
                 \@m {}
l.50 \normalsize
                
Sorry, but I'm not programmed to handle this case;
I'll just pretend that you didn't ask for it.
If you're in the wrong mode, you might be able to
return to the right one by typing `I}' or `I$' or `I\par'.

! You can't use `\spacefactor' in math mode.
\@->\spacefactor 
                 \@m {}
l.50 \normalsize
                
Sorry, but I'm not programmed to handle this case;
I'll just pretend that you didn't ask for it.
If you're in the wrong mode, you might be able to
return to the right one by typing `I}' or `I$' or `I\par'.

! You can't use `\spacefactor' in math mode.
\@->\spacefactor 
                 \@m {}
l.50 \normalsize
                
Sorry, but I'm not programmed to handle this case;
I'll just pretend that you didn't ask for it.
If you're in the wrong mode, you might be able to
return to the right one by typing `I}' or `I$' or `I\par'.

! You can't use `\spacefactor' in math mode.
\@->\spacefactor 
                 \@m {}
l.50 \normalsize
                
Sorry, but I'm not programmed to handle this case;
I'll just pretend that you didn't ask for it.
If you're in the wrong mode, you might be able to
return to the right one by typing `I}' or `I$' or `I\par'.

! You can't use `\spacefactor' in math mode.
\@->\spacefactor 
                 \@m {}
l.50 \normalsize
                
Sorry, but I'm not programmed to handle this case;
I'll just pretend that you didn't ask for it.
If you're in the wrong mode, you might be able to
return to the right one by typing `I}' or `I$' or `I\par'.

! You can't use `\spacefactor' in math mode.
\@->\spacefactor 
                 \@m {}
l.50 \normalsize
                
Sorry, but I'm not programmed to handle this case;
I'll just pretend that you didn't ask for it.
If you're in the wrong mode, you might be able to
return to the right one by typing `I}' or `I$' or `I\par'.

! You can't use `\spacefactor' in math mode.
\@->\spacefactor 
                 \@m {}
l.50 \normalsize
                
Sorry, but I'm not programmed to handle this case;
I'll just pretend that you didn't ask for it.
If you're in the wrong mode, you might be able to
return to the right one by typing `I}' or `I$' or `I\par'.

! You can't use `\spacefactor' in math mode.
\@->\spacefactor 
                 \@m {}
l.50 \normalsize
                
Sorry, but I'm not programmed to handle this case;
I'll just pretend that you didn't ask for it.
If you're in the wrong mode, you might be able to
return to the right one by typing `I}' or `I$' or `I\par'.

! You can't use `\spacefactor' in math mode.
\@->\spacefactor 
                 \@m {}
l.50 \normalsize
                
Sorry, but I'm not programmed to handle this case;
I'll just pretend that you didn't ask for it.
If you're in the wrong mode, you might be able to
return to the right one by typing `I}' or `I$' or `I\par'.

! You can't use `\spacefactor' in math mode.
\@->\spacefactor 
                 \@m {}
l.50 \normalsize
                
Sorry, but I'm not programmed to handle this case;
I'll just pretend that you didn't ask for it.
If you're in the wrong mode, you might be able to
return to the right one by typing `I}' or `I$' or `I\par'.

! You can't use `\spacefactor' in math mode.
\@->\spacefactor 
                 \@m {}
l.50 \normalsize
                
Sorry, but I'm not programmed to handle this case;
I'll just pretend that you didn't ask for it.
If you're in the wrong mode, you might be able to
return to the right one by typing `I}' or `I$' or `I\par'.

! You can't use `\spacefactor' in math mode.
\@->\spacefactor 
                 \@m {}
l.50 \normalsize
                
Sorry, but I'm not programmed to handle this case;
I'll just pretend that you didn't ask for it.
If you're in the wrong mode, you might be able to
return to the right one by typing `I}' or `I$' or `I\par'.

! You can't use `\spacefactor' in math mode.
\@->\spacefactor 
                 \@m {}
l.50 \normalsize
                
Sorry, but I'm not programmed to handle this case;
I'll just pretend that you didn't ask for it.
If you're in the wrong mode, you might be able to
return to the right one by typing `I}' or `I$' or `I\par'.

! You can't use `\spacefactor' in math mode.
\@->\spacefactor 
                 \@m {}
l.50 \normalsize
                
Sorry, but I'm not programmed to handle this case;
I'll just pretend that you didn't ask for it.
If you're in the wrong mode, you might be able to
return to the right one by typing `I}' or `I$' or `I\par'.

! You can't use `\spacefactor' in math mode.
\@->\spacefactor 
                 \@m {}
l.50 \normalsize
                
Sorry, but I'm not programmed to handle this case;
I'll just pretend that you didn't ask for it.
If you're in the wrong mode, you might be able to
return to the right one by typing `I}' or `I$' or `I\par'.

! You can't use `\spacefactor' in math mode.
\@->\spacefactor 
                 \@m {}
l.50 \normalsize
                
Sorry, but I'm not programmed to handle this case;
I'll just pretend that you didn't ask for it.
If you're in the wrong mode, you might be able to
return to the right one by typing `I}' or `I$' or `I\par'.

! You can't use `\spacefactor' in math mode.
\@->\spacefactor 
                 \@m {}
l.50 \normalsize
                
Sorry, but I'm not programmed to handle this case;
I'll just pretend that you didn't ask for it.
If you're in the wrong mode, you might be able to
return to the right one by typing `I}' or `I$' or `I\par'.

! You can't use `\spacefactor' in math mode.
\@->\spacefactor 
                 \@m {}
l.50 \normalsize
                
Sorry, but I'm not programmed to handle this case;
I'll just pretend that you didn't ask for it.
If you're in the wrong mode, you might be able to
return to the right one by typing `I}' or `I$' or `I\par'.

! You can't use `\spacefactor' in math mode.
\@->\spacefactor 
                 \@m {}
l.50 \normalsize
                
Sorry, but I'm not programmed to handle this case;
I'll just pretend that you didn't ask for it.
If you're in the wrong mode, you might be able to
return to the right one by typing `I}' or `I$' or `I\par'.

! You can't use `\spacefactor' in math mode.
\@->\spacefactor 
                 \@m {}
l.50 \normalsize
                
Sorry, but I'm not programmed to handle this case;
I'll just pretend that you didn't ask for it.
If you're in the wrong mode, you might be able to
return to the right one by typing `I}' or `I$' or `I\par'.

! You can't use `\spacefactor' in math mode.
\@->\spacefactor 
                 \@m {}
l.50 \normalsize
                
Sorry, but I'm not programmed to handle this case;
I'll just pretend that you didn't ask for it.
If you're in the wrong mode, you might be able to
return to the right one by typing `I}' or `I$' or `I\par'.

! You can't use `\spacefactor' in math mode.
\@->\spacefactor 
                 \@m {}
l.50 \normalsize
                
Sorry, but I'm not programmed to handle this case;
I'll just pretend that you didn't ask for it.
If you're in the wrong mode, you might be able to
return to the right one by typing `I}' or `I$' or `I\par'.

! You can't use `\spacefactor' in math mode.
\@->\spacefactor 
                 \@m {}
l.50 \normalsize
                
Sorry, but I'm not programmed to handle this case;
I'll just pretend that you didn't ask for it.
If you're in the wrong mode, you might be able to
return to the right one by typing `I}' or `I$' or `I\par'.

! You can't use `\spacefactor' in math mode.
\@->\spacefactor 
                 \@m {}
l.50 \normalsize
                
Sorry, but I'm not programmed to handle this case;
I'll just pretend that you didn't ask for it.
If you're in the wrong mode, you might be able to
return to the right one by typing `I}' or `I$' or `I\par'.

! You can't use `\spacefactor' in math mode.
\@->\spacefactor 
                 \@m {}
l.50 \normalsize
                
Sorry, but I'm not programmed to handle this case;
I'll just pretend that you didn't ask for it.
If you're in the wrong mode, you might be able to
return to the right one by typing `I}' or `I$' or `I\par'.

! You can't use `\spacefactor' in math mode.
\@->\spacefactor 
                 \@m {}
l.50 \normalsize
                
Sorry, but I'm not programmed to handle this case;
I'll just pretend that you didn't ask for it.
If you're in the wrong mode, you might be able to
return to the right one by typing `I}' or `I$' or `I\par'.

! You can't use `\spacefactor' in math mode.
\@->\spacefactor 
                 \@m {}
l.50 \normalsize
                
Sorry, but I'm not programmed to handle this case;
I'll just pretend that you didn't ask for it.
If you're in the wrong mode, you might be able to
return to the right one by typing `I}' or `I$' or `I\par'.

! You can't use `\spacefactor' in math mode.
\@->\spacefactor 
                 \@m {}
l.50 \normalsize
                
(That makes 100 errors; please try again.) 
Here is how much of TeX's memory you used:
 28 strings out of 481252
 491 string characters out of 5915936
 271126 words of memory out of 5000000
 17066 multiletter control sequences out of 15000+600000
 403731 words of font info for 28 fonts, out of 8000000 for 9000
 14 hyphenation exceptions out of 8191
 99i,2n,18p,101b,54s stack positions out of 5000i,500n,10000p,200000b,80000s

!  ==> Fatal error occurred, no output PDF file produced!
